INFO  09:14:37 Application started. Press Ctrl+C to shut down.
INFO  09:14:37 Hosting environment: Development
INFO  09:14:37 Content root path: C:\Users\2091464\OneDrive - Cognizant\Desktop\training\MFPE Project\VIS_MFPE\AuthorizationAPI\AuthorizationAPI
INFO  09:31:16 Application started. Press Ctrl+C to shut down.
INFO  09:31:16 Hosting environment: Development
INFO  09:31:16 Content root path: C:\Users\2091464\OneDrive - Cognizant\Desktop\training\MFPE Project\VIS_MFPE\AuthorizationAPI\AuthorizationAPI
INFO  09:35:09 Login method invoked
INFO  09:35:09 CheckCredentials method invoked
INFO  09:36:45 Login method invoked
INFO  09:36:45 CheckCredentials method invoked
INFO  09:37:15 Login method invoked
INFO  09:37:15 CheckCredentials method invoked
INFO  09:37:59 Login method invoked
INFO  09:37:59 CheckCredentials method invoked
INFO  09:38:46 Login method invoked
INFO  09:38:46 CheckCredentials method invoked
INFO  09:40:28 Login method invoked
INFO  09:40:28 CheckCredentials method invoked
INFO  11:16:30 Login method invoked
INFO  11:16:30 CheckCredentials method invoked
INFO  11:23:21 Login method invoked
INFO  11:23:21 CheckCredentials method invoked
INFO  11:26:25 Login method invoked
INFO  11:26:25 CheckCredentials method invoked
INFO  11:26:50 Login method invoked
INFO  11:26:50 CheckCredentials method invoked
INFO  02:38:03 Login method invoked
INFO  02:38:03 CheckCredentials method invoked
INFO  04:21:35 Application started. Press Ctrl+C to shut down.
INFO  04:21:35 Hosting environment: Development
INFO  04:21:35 Content root path: C:\Users\2091464\OneDrive - Cognizant\Desktop\training\MFPE Project\VIS_MFPE\AuthorizationAPI\AuthorizationAPI
